<?xml version="1.0" encoding="UTF-8"?>
<coverage generated="1705088479770" clover="3.2.0">
  <project timestamp="1705088479770" name="All files">
    <metrics statements="41" coveredstatements="41" conditionals="13" coveredconditionals="13" methods="12" coveredmethods="12" elements="66" coveredelements="66" complexity="0" loc="41" ncloc="41" packages="1" files="1" classes="1"/>
    <file name="main_before_refactoring.ts" path="/home/augusto/Git Projects/Branas/cccat14-taxi_online/backend/ride/src/main_before_refactoring.ts">
      <metrics statements="41" coveredstatements="41" conditionals="13" coveredconditionals="13" methods="12" coveredmethods="12"/>
      <line num="1" count="1" type="stmt"/>
      <line num="2" count="1" type="stmt"/>
      <line num="4" count="1" type="stmt"/>
      <line num="5" count="12" type="cond" truecount="1" falsecount="0"/>
      <line num="6" count="9" type="stmt"/>
      <line num="7" count="9" type="cond" truecount="1" falsecount="0"/>
      <line num="8" count="7" type="cond" truecount="1" falsecount="0"/>
      <line num="9" count="6" type="stmt"/>
      <line num="10" count="6" type="stmt"/>
      <line num="11" count="6" type="stmt"/>
      <line num="15" count="9" type="stmt"/>
      <line num="19" count="9" type="stmt"/>
      <line num="23" count="23" type="stmt"/>
      <line num="27" count="12" type="stmt"/>
      <line num="28" count="12" type="stmt"/>
      <line num="29" count="132" type="cond" truecount="1" falsecount="0"/>
      <line num="31" count="12" type="stmt"/>
      <line num="32" count="12" type="cond" truecount="2" falsecount="0"/>
      <line num="36" count="6" type="stmt"/>
      <line num="39" count="1" type="stmt"/>
      <line num="40" count="15" type="stmt"/>
      <line num="43" count="15" type="stmt"/>
      <line num="44" count="15" type="stmt"/>
      <line num="45" count="15" type="stmt"/>
      <line num="49" count="15" type="cond" truecount="1" falsecount="0"/>
      <line num="50" count="14" type="cond" truecount="1" falsecount="0"/>
      <line num="51" count="13" type="cond" truecount="1" falsecount="0"/>
      <line num="52" count="12" type="cond" truecount="1" falsecount="0"/>
      <line num="53" count="6" type="cond" truecount="3" falsecount="0"/>
      <line num="54" count="1" type="stmt"/>
      <line num="55" count="5" type="stmt"/>
      <line num="67" count="5" type="stmt"/>
      <line num="71" count="15" type="stmt"/>
      <line num="76" count="14" type="stmt"/>
      <line num="80" count="13" type="stmt"/>
      <line num="84" count="2" type="stmt"/>
      <line num="87" count="1" type="stmt"/>
      <line num="88" count="4" type="stmt"/>
      <line num="91" count="4" type="stmt"/>
      <line num="95" count="4" type="stmt"/>
      <line num="96" count="4" type="stmt"/>
    </file>
  </project>
</coverage>
