{"/home/augusto/Git Projects/Branas/cccat14-taxi_online/backend/ride/src/main_before_refactoring.ts": {"path":"/home/augusto/Git Projects/Branas/cccat14-taxi_online/backend/ride/src/main_before_refactoring.ts","statementMap":{"0":{"start":{"line":1,"column":0},"end":{"line":1,"column":28}},"1":{"start":{"line":2,"column":0},"end":{"line":2,"column":29}},"2":{"start":{"line":5,"column":2},"end":{"line":5,"column":25}},"3":{"start":{"line":5,"column":12},"end":{"line":5,"column":25}},"4":{"start":{"line":6,"column":2},"end":{"line":6,"column":22}},"5":{"start":{"line":7,"column":2},"end":{"line":7,"column":44}},"6":{"start":{"line":7,"column":31},"end":{"line":7,"column":44}},"7":{"start":{"line":8,"column":2},"end":{"line":8,"column":48}},"8":{"start":{"line":8,"column":35},"end":{"line":8,"column":48}},"9":{"start":{"line":9,"column":14},"end":{"line":9,"column":37}},"10":{"start":{"line":10,"column":14},"end":{"line":10,"column":37}},"11":{"start":{"line":11,"column":2},"end":{"line":11,"column":53}},"12":{"start":{"line":4,"column":0},"end":{"line":4,"column":16}},"13":{"start":{"line":15,"column":2},"end":{"line":15,"column":32}},"14":{"start":{"line":19,"column":2},"end":{"line":19,"column":27}},"15":{"start":{"line":23,"column":2},"end":{"line":23,"column":66}},"16":{"start":{"line":23,"column":44},"end":{"line":23,"column":64}},"17":{"start":{"line":27,"column":14},"end":{"line":27,"column":15}},"18":{"start":{"line":28,"column":2},"end":{"line":30,"column":null}},"19":{"start":{"line":29,"column":4},"end":{"line":29,"column":56}},"20":{"start":{"line":29,"column":20},"end":{"line":29,"column":56}},"21":{"start":{"line":31,"column":15},"end":{"line":31,"column":25}},"22":{"start":{"line":32,"column":2},"end":{"line":32,"column":34}},"23":{"start":{"line":36,"column":2},"end":{"line":36,"column":22}},"24":{"start":{"line":40,"column":21},"end":{"line":41,"column":null}},"25":{"start":{"line":43,"column":2},"end":{"line":72,"column":null}},"26":{"start":{"line":44,"column":22},"end":{"line":44,"column":41}},"27":{"start":{"line":45,"column":22},"end":{"line":47,"column":null}},"28":{"start":{"line":49,"column":4},"end":{"line":49,"column":55}},"29":{"start":{"line":49,"column":17},"end":{"line":49,"column":55}},"30":{"start":{"line":50,"column":4},"end":{"line":50,"column":66}},"31":{"start":{"line":50,"column":34},"end":{"line":50,"column":66}},"32":{"start":{"line":51,"column":4},"end":{"line":51,"column":69}},"33":{"start":{"line":51,"column":36},"end":{"line":51,"column":69}},"34":{"start":{"line":52,"column":4},"end":{"line":52,"column":63}},"35":{"start":{"line":52,"column":32},"end":{"line":52,"column":63}},"36":{"start":{"line":53,"column":4},"end":{"line":54,"column":43}},"37":{"start":{"line":54,"column":6},"end":{"line":54,"column":43}},"38":{"start":{"line":55,"column":4},"end":{"line":66,"column":6}},"39":{"start":{"line":67,"column":4},"end":{"line":69,"column":6}},"40":{"start":{"line":71,"column":4},"end":{"line":71,"column":33}},"41":{"start":{"line":39,"column":0},"end":{"line":39,"column":22}},"42":{"start":{"line":76,"column":2},"end":{"line":76,"column":42}},"43":{"start":{"line":80,"column":2},"end":{"line":80,"column":36}},"44":{"start":{"line":84,"column":2},"end":{"line":84,"column":44}},"45":{"start":{"line":88,"column":21},"end":{"line":89,"column":null}},"46":{"start":{"line":91,"column":20},"end":{"line":93,"column":null}},"47":{"start":{"line":95,"column":2},"end":{"line":95,"column":31}},"48":{"start":{"line":96,"column":2},"end":{"line":96,"column":17}},"49":{"start":{"line":87,"column":0},"end":{"line":87,"column":22}}},"fnMap":{"0":{"name":"isValidCpf","decl":{"start":{"line":4,"column":16},"end":{"line":4,"column":26}},"loc":{"start":{"line":4,"column":38},"end":{"line":12,"column":1}}},"1":{"name":"cleanCpf","decl":{"start":{"line":14,"column":9},"end":{"line":14,"column":17}},"loc":{"start":{"line":14,"column":29},"end":{"line":16,"column":1}}},"2":{"name":"isInvalidCpfLength","decl":{"start":{"line":18,"column":9},"end":{"line":18,"column":27}},"loc":{"start":{"line":18,"column":39},"end":{"line":20,"column":1}}},"3":{"name":"allCpfDigitsAreTheSame","decl":{"start":{"line":22,"column":9},"end":{"line":22,"column":31}},"loc":{"start":{"line":22,"column":43},"end":{"line":24,"column":1}}},"4":{"name":"(anonymous_12)","decl":{"start":{"line":23,"column":29},"end":{"line":23,"column":30}},"loc":{"start":{"line":23,"column":44},"end":{"line":23,"column":64}}},"5":{"name":"calculateDigit","decl":{"start":{"line":26,"column":9},"end":{"line":26,"column":23}},"loc":{"start":{"line":26,"column":51},"end":{"line":33,"column":1}}},"6":{"name":"extractCpfCheckDigit","decl":{"start":{"line":35,"column":9},"end":{"line":35,"column":29}},"loc":{"start":{"line":35,"column":41},"end":{"line":37,"column":1}}},"7":{"name":"signup","decl":{"start":{"line":39,"column":22},"end":{"line":39,"column":28}},"loc":{"start":{"line":39,"column":39},"end":{"line":73,"column":null}}},"8":{"name":"isValidName","decl":{"start":{"line":75,"column":9},"end":{"line":75,"column":20}},"loc":{"start":{"line":75,"column":33},"end":{"line":77,"column":1}}},"9":{"name":"isValidEmail","decl":{"start":{"line":79,"column":9},"end":{"line":79,"column":21}},"loc":{"start":{"line":79,"column":35},"end":{"line":81,"column":1}}},"10":{"name":"isValidCarPlate","decl":{"start":{"line":83,"column":9},"end":{"line":83,"column":24}},"loc":{"start":{"line":83,"column":41},"end":{"line":85,"column":1}}},"11":{"name":"getAccount","decl":{"start":{"line":87,"column":22},"end":{"line":87,"column":32}},"loc":{"start":{"line":87,"column":50},"end":{"line":97,"column":null}}}},"branchMap":{"0":{"loc":{"start":{"line":5,"column":2},"end":{"line":5,"column":25}},"type":"if","locations":[{"start":{"line":5,"column":2},"end":{"line":5,"column":25}}]},"1":{"loc":{"start":{"line":7,"column":2},"end":{"line":7,"column":44}},"type":"if","locations":[{"start":{"line":7,"column":2},"end":{"line":7,"column":44}}]},"2":{"loc":{"start":{"line":8,"column":2},"end":{"line":8,"column":48}},"type":"if","locations":[{"start":{"line":8,"column":2},"end":{"line":8,"column":48}}]},"3":{"loc":{"start":{"line":29,"column":4},"end":{"line":29,"column":56}},"type":"if","locations":[{"start":{"line":29,"column":4},"end":{"line":29,"column":56}}]},"4":{"loc":{"start":{"line":32,"column":9},"end":{"line":32,"column":33}},"type":"cond-expr","locations":[{"start":{"line":32,"column":20},"end":{"line":32,"column":21}},{"start":{"line":32,"column":24},"end":{"line":32,"column":33}}]},"5":{"loc":{"start":{"line":49,"column":4},"end":{"line":49,"column":55}},"type":"if","locations":[{"start":{"line":49,"column":4},"end":{"line":49,"column":55}}]},"6":{"loc":{"start":{"line":50,"column":4},"end":{"line":50,"column":66}},"type":"if","locations":[{"start":{"line":50,"column":4},"end":{"line":50,"column":66}}]},"7":{"loc":{"start":{"line":51,"column":4},"end":{"line":51,"column":69}},"type":"if","locations":[{"start":{"line":51,"column":4},"end":{"line":51,"column":69}}]},"8":{"loc":{"start":{"line":52,"column":4},"end":{"line":52,"column":63}},"type":"if","locations":[{"start":{"line":52,"column":4},"end":{"line":52,"column":63}}]},"9":{"loc":{"start":{"line":53,"column":4},"end":{"line":54,"column":43}},"type":"if","locations":[{"start":{"line":53,"column":4},"end":{"line":54,"column":43}}]},"10":{"loc":{"start":{"line":53,"column":8},"end":{"line":53,"column":58}},"type":"binary-expr","locations":[{"start":{"line":53,"column":8},"end":{"line":53,"column":22}},{"start":{"line":53,"column":26},"end":{"line":53,"column":58}}]}},"s":{"0":1,"1":1,"2":12,"3":3,"4":9,"5":9,"6":2,"7":7,"8":1,"9":6,"10":6,"11":6,"12":1,"13":9,"14":9,"15":7,"16":23,"17":12,"18":12,"19":132,"20":114,"21":12,"22":12,"23":6,"24":15,"25":15,"26":15,"27":15,"28":15,"29":1,"30":14,"31":1,"32":13,"33":1,"34":12,"35":6,"36":6,"37":1,"38":5,"39":5,"40":15,"41":1,"42":14,"43":13,"44":2,"45":4,"46":4,"47":4,"48":4,"49":1},"f":{"0":12,"1":9,"2":9,"3":7,"4":23,"5":12,"6":6,"7":15,"8":14,"9":13,"10":2,"11":4},"b":{"0":[3],"1":[2],"2":[1],"3":[114],"4":[3,9],"5":[1],"6":[1],"7":[1],"8":[6],"9":[1],"10":[6,2]}}
}
