TN:
SF:src/main_before_refactoring.ts
FN:4,isValidCpf
FN:14,cleanCpf
FN:18,isInvalidCpfLength
FN:22,allCpfDigitsAreTheSame
FN:23,(anonymous_12)
FN:26,calculateDigit
FN:35,extractCpfCheckDigit
FN:39,signup
FN:75,isValidName
FN:79,isValidEmail
FN:83,isValidCarPlate
FN:87,getAccount
FNF:12
FNH:12
FNDA:12,isValidCpf
FNDA:9,cleanCpf
FNDA:9,isInvalidCpfLength
FNDA:7,allCpfDigitsAreTheSame
FNDA:23,(anonymous_12)
FNDA:12,calculateDigit
FNDA:6,extractCpfCheckDigit
FNDA:15,signup
FNDA:14,isValidName
FNDA:13,isValidEmail
FNDA:2,isValidCarPlate
FNDA:4,getAccount
DA:1,1
DA:2,1
DA:4,1
DA:5,12
DA:6,9
DA:7,9
DA:8,7
DA:9,6
DA:10,6
DA:11,6
DA:15,9
DA:19,9
DA:23,23
DA:27,12
DA:28,12
DA:29,132
DA:31,12
DA:32,12
DA:36,6
DA:39,1
DA:40,15
DA:43,15
DA:44,15
DA:45,15
DA:49,15
DA:50,14
DA:51,13
DA:52,12
DA:53,6
DA:54,1
DA:55,5
DA:67,5
DA:71,15
DA:76,14
DA:80,13
DA:84,2
DA:87,1
DA:88,4
DA:91,4
DA:95,4
DA:96,4
LF:41
LH:41
BRDA:5,0,0,3
BRDA:7,1,0,2
BRDA:8,2,0,1
BRDA:29,3,0,114
BRDA:32,4,0,3
BRDA:32,4,1,9
BRDA:49,5,0,1
BRDA:50,6,0,1
BRDA:51,7,0,1
BRDA:52,8,0,6
BRDA:53,9,0,1
BRDA:53,10,0,6
BRDA:53,10,1,2
BRF:13
BRH:13
end_of_record
